<?xml version="1.0" encoding="UTF-8"?>
<!-- Generated by org.testng.reporters.JUnitReportReporter -->
<testsuite hostname="BOOK-P0O1IG8UK3" failures="0" tests="1" name="com.qa.testCases.TestBanking" time="1.051" errors="0" timestamp="2023-02-22T23:59:11 EST" skipped="0">
  <testcase classname="com.qa.testCases.TestBanking" name="openBankSite" time="1.051"/>
  <system-out/>
</testsuite> <!-- com.qa.testCases.TestBanking -->
